<?xml version="1.0" encoding="UTF-8"?>
<!-- Generated by org.testng.reporters.JUnitXMLReporter -->
<testsuite hostname="LAPTOP-6C83E4LU" name="IXIGO_WEBAUTOMATION" tests="7" failures="0" timestamp="6 Sep 2020 11:04:29 GMT" time="34.597" errors="0">
  <testcase name="ValidateHomePage" time="0.026" classname="com.ixigo.TestCases.IXIGO_HomePageTests"/>
  <testcase name="SearchFlight" time="6.081" classname="com.ixigo.TestCases.IXIGO_HomePageTests"/>
  <testcase name="ValidateNumberOfStopOptions" time="8.86" classname="com.ixigo.TestCases.IXIGO_FlightResultTest"/>
  <testcase name="ValidateResultPage" time="0.009" classname="com.ixigo.TestCases.IXIGO_FlightResultTest"/>
  <testcase name="ValidateNumberOfDepartureOptions" time="0.098" classname="com.ixigo.TestCases.IXIGO_FlightResultTest"/>
  <testcase name="ValidateNumberOfAirlinesOptions" time="0.151" classname="com.ixigo.TestCases.IXIGO_FlightResultTest"/>
  <testcase name="ValidateAirlinesdetails" time="2.398" classname="com.ixigo.TestCases.IXIGO_FlightResultTest"/>
</testsuite> <!-- IXIGO_WEBAUTOMATION -->
