<?xml version="1.0" encoding="UTF-8"?>
<!-- Generated by org.testng.reporters.JUnitXMLReporter -->
<testsuite hostname="LAPTOP-6C83E4LU" name="IXIGO_WEBAUTOMATION" tests="7" failures="0" timestamp="21 Aug 2020 17:58:35 GMT" time="41.961" errors="0">
  <testcase name="ValidateHomePage" time="0.03" classname="com.ixigo.TestCases.IXIGO_HomePageTests"/>
  <testcase name="SearchFlight" time="6.5" classname="com.ixigo.TestCases.IXIGO_HomePageTests"/>
  <testcase name="ValidateNumberOfStopOptions" time="12.339" classname="com.ixigo.TestCases.IXIGO_FlightResultTest"/>
  <testcase name="ValidateResultPage" time="0.008" classname="com.ixigo.TestCases.IXIGO_FlightResultTest"/>
  <testcase name="ValidateNumberOfDepartureOptions" time="0.108" classname="com.ixigo.TestCases.IXIGO_FlightResultTest"/>
  <testcase name="ValidateNumberOfAirlinesOptions" time="0.151" classname="com.ixigo.TestCases.IXIGO_FlightResultTest"/>
  <testcase name="ValidateAirlinesdetails" time="2.488" classname="com.ixigo.TestCases.IXIGO_FlightResultTest"/>
</testsuite> <!-- IXIGO_WEBAUTOMATION -->
