<?xml version="1.0" encoding="UTF-8"?>
<testng-results skipped="0" failed="0" total="7" passed="7">
  <reporter-output>
    <line>
      <![CDATA[Chrome Opened]]>
    </line>
    <line>
      <![CDATA[https://www.ixigo.com/ Opened]]>
    </line>
    <line>
      <![CDATA[Getting Page title...]]>
    </line>
    <line>
      <![CDATA[Enter Depature City Pune, India]]>
    </line>
    <line>
      <![CDATA[waiting to populate Auto Suggestion after entering City..]]>
    </line>
    <line>
      <![CDATA[selected city...]]>
    </line>
    <line>
      <![CDATA[Enter Arrival City Hyderabad, India]]>
    </line>
    <line>
      <![CDATA[waiting to populate Auto Suggestion after entering City..]]>
    </line>
    <line>
      <![CDATA[selected city...]]>
    </line>
    <line>
      <![CDATA[Fetched cuurent displayed depart month and year...]]>
    </line>
    <line>
      <![CDATA[selected depart date...]]>
    </line>
    <line>
      <![CDATA[Fetched cuurent displayed return month and year...]]>
    </line>
    <line>
      <![CDATA[Fetched return month...]]>
    </line>
    <line>
      <![CDATA[selected return date...]]>
    </line>
    <line>
      <![CDATA[selected traveller detail...]]>
    </line>
    <line>
      <![CDATA[Clicked on Search button after entering all details]]>
    </line>
    <line>
      <![CDATA[*********** No of stop options***************]]>
    </line>
    <line>
      <![CDATA[*********** correct stops options displayed***************]]>
    </line>
    <line>
      <![CDATA[*********** No of departure options***************]]>
    </line>
    <line>
      <![CDATA[*********** correct departure options displayed***************]]>
    </line>
    <line>
      <![CDATA[*********** No ofAirlines options***************]]>
    </line>
    <line>
      <![CDATA[*********** correct Airlines options displayed***************]]>
    </line>
    <line>
      <![CDATA[Flight details are : Flight name- SpiceJet  SG2761     Departure time- 00:35       Flight price-3478]]>
    </line>
    <line>
      <![CDATA[Flight details are : Flight name- IndiGo  6E587     Departure time- 00:05       Flight price-3478]]>
    </line>
    <line>
      <![CDATA[Flight details are : Flight name- IndiGo  6E815     Departure time- 14:25       Flight price-3478]]>
    </line>
    <line>
      <![CDATA[Flight details are : Flight name- IndiGo  6E242     Departure time- 05:20       Flight price-3478]]>
    </line>
    <line>
      <![CDATA[Flight details are : Flight name- Air India  AI9888     Departure time- 20:00       Flight price-3609]]>
    </line>
    <line>
      <![CDATA[Flight details are : Flight name- SpiceJet  SG2760     Departure time- 22:35       Flight price-3479]]>
    </line>
    <line>
      <![CDATA[Flight details are : Flight name- IndiGo  6E241     Departure time- 02:30       Flight price-3480]]>
    </line>
    <line>
      <![CDATA[Flight details are : Flight name- IndiGo  6E118     Departure time- 22:15       Flight price-3480]]>
    </line>
    <line>
      <![CDATA[*********** correct Airlines options displayed***************]]>
    </line>
  </reporter-output>
  <suite name="Suite" duration-ms="34597" started-at="2020-09-06T11:03:54Z" finished-at="2020-09-06T11:04:29Z">
    <groups>
    </groups>
    <test name="IXIGO_WEBAUTOMATION" duration-ms="34597" started-at="2020-09-06T11:03:54Z" finished-at="2020-09-06T11:04:29Z">
      <class name="com.ixigo.TestCases.IXIGO_FlightResultTest">
        <test-method status="PASS" signature="init()[pri:0, instance:com.ixigo.TestCases.IXIGO_FlightResultTest@ba2f4ec]" name="init" is-config="true" duration-ms="111" started-at="2020-09-06T16:34:16Z" finished-at="2020-09-06T16:34:16Z">
          <reporter-output>
            <line>
              <![CDATA[Clicked on Search button after entering all details]]>
            </line>
          </reporter-output>
        </test-method> <!-- init -->
        <test-method status="PASS" signature="ValidateNumberOfStopOptions()[pri:1, instance:com.ixigo.TestCases.IXIGO_FlightResultTest@ba2f4ec]" name="ValidateNumberOfStopOptions" duration-ms="8860" started-at="2020-09-06T16:34:16Z" depends-on-methods="com.ixigo.TestCases.IXIGO_HomePageTests.SearchFlight" finished-at="2020-09-06T16:34:25Z">
          <reporter-output>
            <line>
              <![CDATA[*********** No of stop options***************]]>
            </line>
            <line>
              <![CDATA[*********** correct stops options displayed***************]]>
            </line>
          </reporter-output>
        </test-method> <!-- ValidateNumberOfStopOptions -->
        <test-method status="PASS" signature="ValidateResultPage()[pri:2, instance:com.ixigo.TestCases.IXIGO_FlightResultTest@ba2f4ec]" name="ValidateResultPage" duration-ms="9" started-at="2020-09-06T16:34:25Z" finished-at="2020-09-06T16:34:25Z">
          <reporter-output>
          </reporter-output>
        </test-method> <!-- ValidateResultPage -->
        <test-method status="PASS" signature="ValidateNumberOfDepartureOptions()[pri:3, instance:com.ixigo.TestCases.IXIGO_FlightResultTest@ba2f4ec]" name="ValidateNumberOfDepartureOptions" duration-ms="98" started-at="2020-09-06T16:34:25Z" depends-on-methods="com.ixigo.TestCases.IXIGO_HomePageTests.SearchFlight" finished-at="2020-09-06T16:34:25Z">
          <reporter-output>
            <line>
              <![CDATA[*********** No of departure options***************]]>
            </line>
            <line>
              <![CDATA[*********** correct departure options displayed***************]]>
            </line>
          </reporter-output>
        </test-method> <!-- ValidateNumberOfDepartureOptions -->
        <test-method status="PASS" signature="ValidateNumberOfAirlinesOptions()[pri:4, instance:com.ixigo.TestCases.IXIGO_FlightResultTest@ba2f4ec]" name="ValidateNumberOfAirlinesOptions" duration-ms="151" started-at="2020-09-06T16:34:25Z" depends-on-methods="com.ixigo.TestCases.IXIGO_HomePageTests.SearchFlight" finished-at="2020-09-06T16:34:25Z">
          <reporter-output>
            <line>
              <![CDATA[*********** No ofAirlines options***************]]>
            </line>
            <line>
              <![CDATA[*********** correct Airlines options displayed***************]]>
            </line>
          </reporter-output>
        </test-method> <!-- ValidateNumberOfAirlinesOptions -->
        <test-method status="PASS" signature="ValidateAirlinesdetails()[pri:5, instance:com.ixigo.TestCases.IXIGO_FlightResultTest@ba2f4ec]" name="ValidateAirlinesdetails" duration-ms="2398" started-at="2020-09-06T16:34:25Z" depends-on-methods="com.ixigo.TestCases.IXIGO_HomePageTests.SearchFlight" finished-at="2020-09-06T16:34:28Z">
          <reporter-output>
            <line>
              <![CDATA[Flight details are : Flight name- SpiceJet  SG2761     Departure time- 00:35       Flight price-3478]]>
            </line>
            <line>
              <![CDATA[Flight details are : Flight name- IndiGo  6E587     Departure time- 00:05       Flight price-3478]]>
            </line>
            <line>
              <![CDATA[Flight details are : Flight name- IndiGo  6E815     Departure time- 14:25       Flight price-3478]]>
            </line>
            <line>
              <![CDATA[Flight details are : Flight name- IndiGo  6E242     Departure time- 05:20       Flight price-3478]]>
            </line>
            <line>
              <![CDATA[Flight details are : Flight name- Air India  AI9888     Departure time- 20:00       Flight price-3609]]>
            </line>
            <line>
              <![CDATA[Flight details are : Flight name- SpiceJet  SG2760     Departure time- 22:35       Flight price-3479]]>
            </line>
            <line>
              <![CDATA[Flight details are : Flight name- IndiGo  6E241     Departure time- 02:30       Flight price-3480]]>
            </line>
            <line>
              <![CDATA[Flight details are : Flight name- IndiGo  6E118     Departure time- 22:15       Flight price-3480]]>
            </line>
            <line>
              <![CDATA[*********** correct Airlines options displayed***************]]>
            </line>
          </reporter-output>
        </test-method> <!-- ValidateAirlinesdetails -->
      </class> <!-- com.ixigo.TestCases.IXIGO_FlightResultTest -->
      <class name="com.ixigo.TestCases.IXIGO_HomePageTests">
        <test-method status="PASS" signature="Setup()[pri:0, instance:com.ixigo.TestCases.IXIGO_HomePageTests@49438269]" name="Setup" is-config="true" duration-ms="15332" started-at="2020-09-06T16:33:54Z" finished-at="2020-09-06T16:34:10Z">
          <reporter-output>
            <line>
              <![CDATA[Chrome Opened]]>
            </line>
            <line>
              <![CDATA[https://www.ixigo.com/ Opened]]>
            </line>
          </reporter-output>
        </test-method> <!-- Setup -->
        <test-method status="PASS" signature="init()[pri:0, instance:com.ixigo.TestCases.IXIGO_HomePageTests@49438269]" name="init" is-config="true" duration-ms="74" started-at="2020-09-06T16:34:10Z" finished-at="2020-09-06T16:34:10Z">
          <reporter-output>
          </reporter-output>
        </test-method> <!-- init -->
        <test-method status="PASS" signature="ValidateHomePage()[pri:1, instance:com.ixigo.TestCases.IXIGO_HomePageTests@49438269]" name="ValidateHomePage" duration-ms="26" started-at="2020-09-06T16:34:10Z" finished-at="2020-09-06T16:34:10Z">
          <reporter-output>
            <line>
              <![CDATA[Getting Page title...]]>
            </line>
          </reporter-output>
        </test-method> <!-- ValidateHomePage -->
        <test-method status="PASS" signature="SearchFlight()[pri:2, instance:com.ixigo.TestCases.IXIGO_HomePageTests@49438269]" name="SearchFlight" duration-ms="6081" started-at="2020-09-06T16:34:10Z" finished-at="2020-09-06T16:34:16Z">
          <reporter-output>
            <line>
              <![CDATA[Enter Depature City Pune, India]]>
            </line>
            <line>
              <![CDATA[waiting to populate Auto Suggestion after entering City..]]>
            </line>
            <line>
              <![CDATA[selected city...]]>
            </line>
            <line>
              <![CDATA[Enter Arrival City Hyderabad, India]]>
            </line>
            <line>
              <![CDATA[waiting to populate Auto Suggestion after entering City..]]>
            </line>
            <line>
              <![CDATA[selected city...]]>
            </line>
            <line>
              <![CDATA[Fetched cuurent displayed depart month and year...]]>
            </line>
            <line>
              <![CDATA[selected depart date...]]>
            </line>
            <line>
              <![CDATA[Fetched cuurent displayed return month and year...]]>
            </line>
            <line>
              <![CDATA[Fetched return month...]]>
            </line>
            <line>
              <![CDATA[selected return date...]]>
            </line>
            <line>
              <![CDATA[selected traveller detail...]]>
            </line>
          </reporter-output>
        </test-method> <!-- SearchFlight -->
        <test-method status="PASS" signature="TearDown()[pri:0, instance:com.ixigo.TestCases.IXIGO_HomePageTests@49438269]" name="TearDown" is-config="true" duration-ms="1419" started-at="2020-09-06T16:34:28Z" finished-at="2020-09-06T16:34:29Z">
          <reporter-output>
          </reporter-output>
        </test-method> <!-- TearDown -->
      </class> <!-- com.ixigo.TestCases.IXIGO_HomePageTests -->
    </test> <!-- IXIGO_WEBAUTOMATION -->
  </suite> <!-- Suite -->
</testng-results>
